log4j:ERROR setFile(null,true) call failed.
java.io.FileNotFoundException: /logs/debug.log (Permission denied)
	at java.io.FileOutputStream.open(Native Method)
	at java.io.FileOutputStream.<init>(FileOutputStream.java:212)
	at java.io.FileOutputStream.<init>(FileOutputStream.java:136)
	at org.apache.log4j.FileAppender.setFile(FileAppender.java:289)
	at org.apache.log4j.RollingFileAppender.setFile(RollingFileAppender.java:167)
	at org.apache.log4j.FileAppender.activateOptions(FileAppender.java:163)
	at org.apache.log4j.config.PropertySetter.activate(PropertySetter.java:256)
	at org.apache.log4j.xml.DOMConfigurator.parseAppender(DOMConfigurator.java:220)
	at org.apache.log4j.xml.DOMConfigurator.findAppenderByName(DOMConfigurator.java:150)
	at org.apache.log4j.xml.DOMConfigurator.findAppenderByReference(DOMConfigurator.java:163)
	at org.apache.log4j.xml.DOMConfigurator.parseChildrenOfLoggerElement(DOMConfigurator.java:425)
	at org.apache.log4j.xml.DOMConfigurator.parseRoot(DOMConfigurator.java:394)
	at org.apache.log4j.xml.DOMConfigurator.parse(DOMConfigurator.java:829)
	at org.apache.log4j.xml.DOMConfigurator.doConfigure(DOMConfigurator.java:712)
	at org.apache.log4j.xml.DOMConfigurator.doConfigure(DOMConfigurator.java:618)
	at org.apache.log4j.helpers.OptionConverter.selectAndConfigure(OptionConverter.java:470)
	at org.apache.log4j.LogManager.<clinit>(LogManager.java:122)
	at org.slf4j.impl.Log4jLoggerFactory.getLogger(Log4jLoggerFactory.java:73)
	at org.slf4j.LoggerFactory.getLogger(LoggerFactory.java:242)
	at org.slf4j.LoggerFactory.getLogger(LoggerFactory.java:254)
	at org.jivesoftware.openfire.XMPPServer.<clinit>(XMPPServer.java:148)
	at sun.reflect.NativeConstructorAccessorImpl.newInstance0(Native Method)
	at sun.reflect.NativeConstructorAccessorImpl.newInstance(NativeConstructorAccessorImpl.java:57)
	at sun.reflect.DelegatingConstructorAccessorImpl.newInstance(DelegatingConstructorAccessorImpl.java:45)
	at java.lang.reflect.Constructor.newInstance(Constructor.java:525)
	at java.lang.Class.newInstance0(Class.java:374)
	at java.lang.Class.newInstance(Class.java:327)
	at org.jivesoftware.openfire.starter.ServerStarter.start(ServerStarter.java:113)
	at org.jivesoftware.openfire.starter.ServerStarter.main(ServerStarter.java:58)
	at sun.reflect.NativeMethodAccessorImpl.invoke0(Native Method)
	at sun.reflect.NativeMethodAccessorImpl.invoke(NativeMethodAccessorImpl.java:57)
	at sun.reflect.DelegatingMethodAccessorImpl.invoke(DelegatingMethodAccessorImpl.java:43)
	at java.lang.reflect.Method.invoke(Method.java:601)
	at com.exe4j.runtime.LauncherEngine.launch(Unknown Source)
	at com.install4j.runtime.Launcher.main(Unknown Source)
log4j:ERROR setFile(null,true) call failed.
java.io.FileNotFoundException: /logs/info.log (Permission denied)
	at java.io.FileOutputStream.open(Native Method)
	at java.io.FileOutputStream.<init>(FileOutputStream.java:212)
	at java.io.FileOutputStream.<init>(FileOutputStream.java:136)
	at org.apache.log4j.FileAppender.setFile(FileAppender.java:289)
	at org.apache.log4j.RollingFileAppender.setFile(RollingFileAppender.java:167)
	at org.apache.log4j.FileAppender.activateOptions(FileAppender.java:163)
	at org.apache.log4j.config.PropertySetter.activate(PropertySetter.java:256)
	at org.apache.log4j.xml.DOMConfigurator.parseAppender(DOMConfigurator.java:220)
	at org.apache.log4j.xml.DOMConfigurator.findAppenderByName(DOMConfigurator.java:150)
	at org.apache.log4j.xml.DOMConfigurator.findAppenderByReference(DOMConfigurator.java:163)
	at org.apache.log4j.xml.DOMConfigurator.parseChildrenOfLoggerElement(DOMConfigurator.java:425)
	at org.apache.log4j.xml.DOMConfigurator.parseRoot(DOMConfigurator.java:394)
	at org.apache.log4j.xml.DOMConfigurator.parse(DOMConfigurator.java:829)
	at org.apache.log4j.xml.DOMConfigurator.doConfigure(DOMConfigurator.java:712)
	at org.apache.log4j.xml.DOMConfigurator.doConfigure(DOMConfigurator.java:618)
	at org.apache.log4j.helpers.OptionConverter.selectAndConfigure(OptionConverter.java:470)
	at org.apache.log4j.LogManager.<clinit>(LogManager.java:122)
	at org.slf4j.impl.Log4jLoggerFactory.getLogger(Log4jLoggerFactory.java:73)
	at org.slf4j.LoggerFactory.getLogger(LoggerFactory.java:242)
	at org.slf4j.LoggerFactory.getLogger(LoggerFactory.java:254)
	at org.jivesoftware.openfire.XMPPServer.<clinit>(XMPPServer.java:148)
	at sun.reflect.NativeConstructorAccessorImpl.newInstance0(Native Method)
	at sun.reflect.NativeConstructorAccessorImpl.newInstance(NativeConstructorAccessorImpl.java:57)
	at sun.reflect.DelegatingConstructorAccessorImpl.newInstance(DelegatingConstructorAccessorImpl.java:45)
	at java.lang.reflect.Constructor.newInstance(Constructor.java:525)
	at java.lang.Class.newInstance0(Class.java:374)
	at java.lang.Class.newInstance(Class.java:327)
	at org.jivesoftware.openfire.starter.ServerStarter.start(ServerStarter.java:113)
	at org.jivesoftware.openfire.starter.ServerStarter.main(ServerStarter.java:58)
	at sun.reflect.NativeMethodAccessorImpl.invoke0(Native Method)
	at sun.reflect.NativeMethodAccessorImpl.invoke(NativeMethodAccessorImpl.java:57)
	at sun.reflect.DelegatingMethodAccessorImpl.invoke(DelegatingMethodAccessorImpl.java:43)
	at java.lang.reflect.Method.invoke(Method.java:601)
	at com.exe4j.runtime.LauncherEngine.launch(Unknown Source)
	at com.install4j.runtime.Launcher.main(Unknown Source)
log4j:ERROR setFile(null,true) call failed.
java.io.FileNotFoundException: /logs/warn.log (Permission denied)
	at java.io.FileOutputStream.open(Native Method)
	at java.io.FileOutputStream.<init>(FileOutputStream.java:212)
	at java.io.FileOutputStream.<init>(FileOutputStream.java:136)
	at org.apache.log4j.FileAppender.setFile(FileAppender.java:289)
	at org.apache.log4j.RollingFileAppender.setFile(RollingFileAppender.java:167)
	at org.apache.log4j.FileAppender.activateOptions(FileAppender.java:163)
	at org.apache.log4j.config.PropertySetter.activate(PropertySetter.java:256)
	at org.apache.log4j.xml.DOMConfigurator.parseAppender(DOMConfigurator.java:220)
	at org.apache.log4j.xml.DOMConfigurator.findAppenderByName(DOMConfigurator.java:150)
	at org.apache.log4j.xml.DOMConfigurator.findAppenderByReference(DOMConfigurator.java:163)
	at org.apache.log4j.xml.DOMConfigurator.parseChildrenOfLoggerElement(DOMConfigurator.java:425)
	at org.apache.log4j.xml.DOMConfigurator.parseRoot(DOMConfigurator.java:394)
	at org.apache.log4j.xml.DOMConfigurator.parse(DOMConfigurator.java:829)
	at org.apache.log4j.xml.DOMConfigurator.doConfigure(DOMConfigurator.java:712)
	at org.apache.log4j.xml.DOMConfigurator.doConfigure(DOMConfigurator.java:618)
	at org.apache.log4j.helpers.OptionConverter.selectAndConfigure(OptionConverter.java:470)
	at org.apache.log4j.LogManager.<clinit>(LogManager.java:122)
	at org.slf4j.impl.Log4jLoggerFactory.getLogger(Log4jLoggerFactory.java:73)
	at org.slf4j.LoggerFactory.getLogger(LoggerFactory.java:242)
	at org.slf4j.LoggerFactory.getLogger(LoggerFactory.java:254)
	at org.jivesoftware.openfire.XMPPServer.<clinit>(XMPPServer.java:148)
	at sun.reflect.NativeConstructorAccessorImpl.newInstance0(Native Method)
	at sun.reflect.NativeConstructorAccessorImpl.newInstance(NativeConstructorAccessorImpl.java:57)
	at sun.reflect.DelegatingConstructorAccessorImpl.newInstance(DelegatingConstructorAccessorImpl.java:45)
	at java.lang.reflect.Constructor.newInstance(Constructor.java:525)
	at java.lang.Class.newInstance0(Class.java:374)
	at java.lang.Class.newInstance(Class.java:327)
	at org.jivesoftware.openfire.starter.ServerStarter.start(ServerStarter.java:113)
	at org.jivesoftware.openfire.starter.ServerStarter.main(ServerStarter.java:58)
	at sun.reflect.NativeMethodAccessorImpl.invoke0(Native Method)
	at sun.reflect.NativeMethodAccessorImpl.invoke(NativeMethodAccessorImpl.java:57)
	at sun.reflect.DelegatingMethodAccessorImpl.invoke(DelegatingMethodAccessorImpl.java:43)
	at java.lang.reflect.Method.invoke(Method.java:601)
	at com.exe4j.runtime.LauncherEngine.launch(Unknown Source)
	at com.install4j.runtime.Launcher.main(Unknown Source)
log4j:ERROR setFile(null,true) call failed.
java.io.FileNotFoundException: /logs/error.log (Permission denied)
	at java.io.FileOutputStream.open(Native Method)
	at java.io.FileOutputStream.<init>(FileOutputStream.java:212)
	at java.io.FileOutputStream.<init>(FileOutputStream.java:136)
	at org.apache.log4j.FileAppender.setFile(FileAppender.java:289)
	at org.apache.log4j.RollingFileAppender.setFile(RollingFileAppender.java:167)
	at org.apache.log4j.FileAppender.activateOptions(FileAppender.java:163)
	at org.apache.log4j.config.PropertySetter.activate(PropertySetter.java:256)
	at org.apache.log4j.xml.DOMConfigurator.parseAppender(DOMConfigurator.java:220)
	at org.apache.log4j.xml.DOMConfigurator.findAppenderByName(DOMConfigurator.java:150)
	at org.apache.log4j.xml.DOMConfigurator.findAppenderByReference(DOMConfigurator.java:163)
	at org.apache.log4j.xml.DOMConfigurator.parseChildrenOfLoggerElement(DOMConfigurator.java:425)
	at org.apache.log4j.xml.DOMConfigurator.parseRoot(DOMConfigurator.java:394)
	at org.apache.log4j.xml.DOMConfigurator.parse(DOMConfigurator.java:829)
	at org.apache.log4j.xml.DOMConfigurator.doConfigure(DOMConfigurator.java:712)
	at org.apache.log4j.xml.DOMConfigurator.doConfigure(DOMConfigurator.java:618)
	at org.apache.log4j.helpers.OptionConverter.selectAndConfigure(OptionConverter.java:470)
	at org.apache.log4j.LogManager.<clinit>(LogManager.java:122)
	at org.slf4j.impl.Log4jLoggerFactory.getLogger(Log4jLoggerFactory.java:73)
	at org.slf4j.LoggerFactory.getLogger(LoggerFactory.java:242)
	at org.slf4j.LoggerFactory.getLogger(LoggerFactory.java:254)
	at org.jivesoftware.openfire.XMPPServer.<clinit>(XMPPServer.java:148)
	at sun.reflect.NativeConstructorAccessorImpl.newInstance0(Native Method)
	at sun.reflect.NativeConstructorAccessorImpl.newInstance(NativeConstructorAccessorImpl.java:57)
	at sun.reflect.DelegatingConstructorAccessorImpl.newInstance(DelegatingConstructorAccessorImpl.java:45)
	at java.lang.reflect.Constructor.newInstance(Constructor.java:525)
	at java.lang.Class.newInstance0(Class.java:374)
	at java.lang.Class.newInstance(Class.java:327)
	at org.jivesoftware.openfire.starter.ServerStarter.start(ServerStarter.java:113)
	at org.jivesoftware.openfire.starter.ServerStarter.main(ServerStarter.java:58)
	at sun.reflect.NativeMethodAccessorImpl.invoke0(Native Method)
	at sun.reflect.NativeMethodAccessorImpl.invoke(NativeMethodAccessorImpl.java:57)
	at sun.reflect.DelegatingMethodAccessorImpl.invoke(DelegatingMethodAccessorImpl.java:43)
	at java.lang.reflect.Method.invoke(Method.java:601)
	at com.exe4j.runtime.LauncherEngine.launch(Unknown Source)
	at com.install4j.runtime.Launcher.main(Unknown Source)
