130421 21:04:43 mysqld_safe Starting mysqld daemon with databases from /var/mysql/5.1/data
130421 21:04:43 [Note] Plugin 'FEDERATED' is disabled.
InnoDB: The first specified data file ./ibdata1 did not exist:
InnoDB: a new database to be created!
130421 21:04:43  InnoDB: Setting file ./ibdata1 size to 10 MB
InnoDB: Database physically writes the file full: wait...
130421 21:04:44  InnoDB: Log file ./ib_logfile0 did not exist: new to be created
InnoDB: Setting log file ./ib_logfile0 size to 5 MB
InnoDB: Database physically writes the file full: wait...
130421 21:04:44  InnoDB: Log file ./ib_logfile1 did not exist: new to be created
InnoDB: Setting log file ./ib_logfile1 size to 5 MB
InnoDB: Database physically writes the file full: wait...
InnoDB: Doublewrite buffer not found: creating new
InnoDB: Doublewrite buffer created
InnoDB: Creating foreign key constraint system tables
InnoDB: Foreign key constraint system tables created
130421 21:04:44  InnoDB: Started; log sequence number 0 0
130421 21:04:44 [Note] Event Scheduler: Loaded 0 events
130421 21:04:44 [Note] /usr/mysql/5.1/bin/mysqld: ready for connections.
Version: '5.1.37'  socket: '/tmp/mysql.sock'  port: 3306  Source distribution
130509 12:01:48 [Note] /usr/mysql/5.1/bin/mysqld: Normal shutdown

130509 12:01:48 [Note] Event Scheduler: Purging the queue. 0 events
130509 12:01:48  InnoDB: Starting shutdown...
130509 12:01:50  InnoDB: Shutdown completed; log sequence number 0 15825063
130509 12:01:50 [Warning] Forcing shutdown of 1 plugins
130509 12:01:50 [Note] /usr/mysql/5.1/bin/mysqld: Shutdown complete

130509 12:01:50 mysqld_safe mysqld from pid file /var/mysql/5.1/data/sol-11-01.pid ended
